0001                       ;--------------------------------------------------------
0002                       ; File Created by SDCC : open source ANSI-C Compiler modified for HYCON CPU
0003                       ; Version 3.9.3 #4ad52972e (MSVC)
0004                       ;--------------------------------------------------------
0005                       ; Port for HYCON CPU
0006                       ;--------------------------------------------------------
0007                       ;	;CCFROM:"D:\NZSE20A_project\NZSE20A_Soft_proj\HY17P52_LCD_soft"
0008                       ;;	.file	"D:\NZSE20A_project\NZSE20A_Soft_proj\HY17P52_LCD_soft\Driver\HY17P\LED.c"
0009                       	.module LED
0010                       	;.list	p=HY17P52
0011                       	;--cdb--S:G$GetDisplay$0$0({2}DF,SC:U),C,0,0
0012                       	;--cdb--F:LED:G$GetDisplay$0$0({2}DF,SC:U),C,0,0,0,0,0
0013                       	;--cdb--S:G$LEDSetting$0$0({2}DF,SV:S),C,0,0
0014                       	;--cdb--F:LED:G$LEDSetting$0$0({2}DF,SV:S),C,0,0,0,0,0
0015                       ;--------------------------------------------------------
0016                       ; overlayable items in internal ram 
0017                       ;--------------------------------------------------------
0018                       ;	udata_ovr
0019                       .area CCODE (code,REL,CON) ; LED-code 
0020                       .globl _GetDisplay
0021                       
0022                       ;--------------------------------------------------------
0023 0000 --              	.FUNC _GetDisplay:2:$L:r0x1141:$L:_GetDisplay_STK00:$L:r0x1143:$L:r0x1144
0024                       ;--------------------------------------------------------
0025                       ;	;.line	63; "D:\NZSE20A_project\NZSE20A_Soft_proj\HY17P52_LCD_soft\Driver\HY17P\LED.c"	RRTemp=(RRTemp<<1);
0026 0000                  _GetDisplay:	;Function start
0027 0000 6600             	MVF	r0x1141,1,0
0028 0001 882B             	BCF	_STATUS,4
0029 0002 5400             	RLFC	r0x1141,0,0
0030 0003 6600             	MVF	r0x1144,1,0
0031                       ;	;.line	64; "D:\NZSE20A_project\NZSE20A_Soft_proj\HY17P52_LCD_soft\Driver\HY17P\LED.c"	RRR=(RRR<<ledx);
0032 0004 0A00             	SETF	r0x1143,0
0033 0005 6400             	MVF	_GetDisplay_STK00,0,0
0034 0006 0800             	SUBL	0x00
0035 0007 A02B             	BTSZ	_STATUS,0
0036 0008 C200 F000        	JMP	_00112_DS_
0037 000A                  _00111_DS_:
0038 000A 5600             	RLFC	r0x1143,1,0
0039 000B 0401             	ADDL	0x01
0040 000C B82B             	BTSS	_STATUS,4
0041 000D C200 F000        	JMP	_00111_DS_
0042 000F                  _00112_DS_:
0043                       ;	;.line	65; "D:\NZSE20A_project\NZSE20A_Soft_proj\HY17P52_LCD_soft\Driver\HY17P\LED.c"	RRTemp &= RRR;
0044 000F 6400             	MVF	r0x1143,0,0
0045 0010 2A00             	ANDF	r0x1144,1,0
0046                       ;	;.line	68; "D:\NZSE20A_project\NZSE20A_Soft_proj\HY17P52_LCD_soft\Driver\HY17P\LED.c"	RRR=RRR>>(8-ledx);
0047 0011 6400             	MVF	_GetDisplay_STK00,0,0
0048 0012 0808             	SUBL	0x08
0049 0013 6600             	MVF	_GetDisplay_STK00,1,0
0050 0014 0A00             	SETF	r0x1143,0
0051 0015 6400             	MVF	_GetDisplay_STK00,0,0
0052 0016 0800             	SUBL	0x00
0053 0017 A02B             	BTSZ	_STATUS,0
0054 0018 C200 F000        	JMP	_00114_DS_
0055 001A                  _00113_DS_:
0056 001A 5200             	RRFC	r0x1143,1,0
0057 001B 0401             	ADDL	0x01
0058 001C B82B             	BTSS	_STATUS,4
0059 001D C200 F000        	JMP	_00113_DS_
0060 001F                  _00114_DS_:
0061                       ;	;.line	69; "D:\NZSE20A_project\NZSE20A_Soft_proj\HY17P52_LCD_soft\Driver\HY17P\LED.c"	RLTemp &= RRR;
0062 001F 6400             	MVF	r0x1143,0,0
0063 0020 2A00             	ANDF	r0x1141,1,0
0064                       ;	;.line	70; "D:\NZSE20A_project\NZSE20A_Soft_proj\HY17P52_LCD_soft\Driver\HY17P\LED.c"	RRR= RLTemp | RRTemp;
0065 0021 6400             	MVF	r0x1141,0,0
0066 0022 2E00             	IORF	r0x1144,1,0
0067                       ;	;.line	72; "D:\NZSE20A_project\NZSE20A_Soft_proj\HY17P52_LCD_soft\Driver\HY17P\LED.c"	return RRR;
0068 0023 6400             	MVF	r0x1144,0,0
0069                       ;	;.line	73; "D:\NZSE20A_project\NZSE20A_Soft_proj\HY17P52_LCD_soft\Driver\HY17P\LED.c"	}
0070 0024 000A             	RET	
0071                       ; exit point of _GetDisplay
0072 0025 --              	.ENDFUNC	_GetDisplay
0073                       ;--------------------------------------------------------
0074                       
0075                       .globl _LEDSetting
0076                       
0077                       ;--------------------------------------------------------
0078 0025 --              	.FUNC _LEDSetting:1:$L:r0x113F
0079                       ;--------------------------------------------------------
0080                       ;	;.line	33; "D:\NZSE20A_project\NZSE20A_Soft_proj\HY17P52_LCD_soft\Driver\HY17P\LED.c"	void LEDSetting(unsigned char cclevel)
0081 0025                  _LEDSetting:	;Function start
0082 0025 6600             	MVF	r0x113F,1,0
0083                       ;	;.line	35; "D:\NZSE20A_project\NZSE20A_Soft_proj\HY17P52_LCD_soft\Driver\HY17P\LED.c"	CCNT_CCLevelSel(cclevel);
0084 0026 06F8             	MVL	0xf8
0085 0027 289E             	ANDF	_CCNT,0,0
0086 0028 2C00             	IORF	r0x113F,0,0
0087 0029 669E             	MVF	_CCNT,1,0
0088                       ;	;.line	36; "D:\NZSE20A_project\NZSE20A_Soft_proj\HY17P52_LCD_soft\Driver\HY17P\LED.c"	ENCCALL_Enable();
0089 002A 0A9F             	SETF	_ENCCMode,0
0090                       ;	;.line	37; "D:\NZSE20A_project\NZSE20A_Soft_proj\HY17P52_LCD_soft\Driver\HY17P\LED.c"	PT12DA=0x00;
0091 002B 0C78             	CLRF	_PT12DA,0
0092                       ;	;.line	38; "D:\NZSE20A_project\NZSE20A_Soft_proj\HY17P52_LCD_soft\Driver\HY17P\LED.c"	INTE2 |= 0x40;
0093 002C 9C25             	BSF	_INTE2,6
0094                       ;	;.line	39; "D:\NZSE20A_project\NZSE20A_Soft_proj\HY17P52_LCD_soft\Driver\HY17P\LED.c"	TMA2CN=0xc0;
0095 002D 06C0             	MVL	0xc0
0096 002E 667A             	MVF	_TMA2CN,1,0
0097                       ;	;.line	40; "D:\NZSE20A_project\NZSE20A_Soft_proj\HY17P52_LCD_soft\Driver\HY17P\LED.c"	TMA2C=2;		     //Set Scan Rate
0098 002F 0602             	MVL	0x02
0099 0030 667C             	MVF	_TMA2C,1,0
0100                       ;	;.line	41; "D:\NZSE20A_project\NZSE20A_Soft_proj\HY17P52_LCD_soft\Driver\HY17P\LED.c"	}
0101 0031 000A             	RET	
0102                       ; exit point of _LEDSetting
0103 0032 --              	.ENDFUNC	_LEDSetting
0104                       ;--------------------------------------------------------
0105                       
0106                       	;--cdb--S:G$GetDisplay$0$0({2}DF,SC:U),C,0,0
0107                       	;--cdb--S:G$LEDSetting$0$0({2}DF,SV:S),C,0,0
0108                       	;--cdb--S:G$FSR0$0$0({2}DX,SC:U),E,0,0
0109                       	;--cdb--S:G$FSR1$0$0({2}DX,SC:U),E,0,0
0110                       	;--cdb--S:G$FSR2$0$0({2}DX,SC:U),E,0,0
0111                       	;--cdb--S:G$ADCR$0$0({4}SL:SL),E,0,0
0112                       	;--cdb--S:G$_SWTGTID$0$0({1}SC:U),I,0,0
0113                       	;--cdb--S:G$INDF0$0$0({1}SC:U),I,0,0
0114                       	;--cdb--S:G$POINC0$0$0({1}SC:U),I,0,0
0115                       	;--cdb--S:G$PODEC0$0$0({1}SC:U),I,0,0
0116                       	;--cdb--S:G$PRINC0$0$0({1}SC:U),I,0,0
0117                       	;--cdb--S:G$PLUSW0$0$0({1}SC:U),I,0,0
0118                       	;--cdb--S:G$INDF1$0$0({1}SC:U),I,0,0
0119                       	;--cdb--S:G$POINC1$0$0({1}SC:U),I,0,0
0120                       	;--cdb--S:G$PODEC1$0$0({1}SC:U),I,0,0
0121                       	;--cdb--S:G$PRINC1$0$0({1}SC:U),I,0,0
0122                       	;--cdb--S:G$PLUSW1$0$0({1}SC:U),I,0,0
0123                       	;--cdb--S:G$INDF2$0$0({1}SC:U),I,0,0
0124                       	;--cdb--S:G$POINC2$0$0({1}SC:U),I,0,0
0125                       	;--cdb--S:G$PODEC2$0$0({1}SC:U),I,0,0
0126                       	;--cdb--S:G$PRINC2$0$0({1}SC:U),I,0,0
0127                       	;--cdb--S:G$PLUSW2$0$0({1}SC:U),I,0,0
0128                       	;--cdb--S:G$FSR0H$0$0({1}SC:U),I,0,0
0129                       	;--cdb--S:G$FSR0L$0$0({1}SC:U),I,0,0
0130                       	;--cdb--S:G$FSR1H$0$0({1}SC:U),I,0,0
0131                       	;--cdb--S:G$FSR1L$0$0({1}SC:U),I,0,0
0132                       	;--cdb--S:G$FSR2H$0$0({1}SC:U),I,0,0
0133                       	;--cdb--S:G$FSR2L$0$0({1}SC:U),I,0,0
0134                       	;--cdb--S:G$TOSH$0$0({1}SC:U),I,0,0
0135                       	;--cdb--S:G$TOSL$0$0({1}SC:U),I,0,0
0136                       	;--cdb--S:G$SKCN$0$0({1}SC:U),I,0,0
0137                       	;--cdb--S:G$PCLATH$0$0({1}SC:U),I,0,0
0138                       	;--cdb--S:G$PCLATL$0$0({1}SC:U),I,0,0
0139                       	;--cdb--S:G$TBLPTRH$0$0({1}SC:U),I,0,0
0140                       	;--cdb--S:G$TBLPTRL$0$0({1}SC:U),I,0,0
0141                       	;--cdb--S:G$TBLDH$0$0({1}SC:U),I,0,0
0142                       	;--cdb--S:G$TBLDL$0$0({1}SC:U),I,0,0
0143                       	;--cdb--S:G$PRODH$0$0({1}SC:U),I,0,0
0144                       	;--cdb--S:G$PRODL$0$0({1}SC:U),I,0,0
0145                       	;--cdb--S:G$INTE0$0$0({1}SC:U),I,0,0
0146                       	;--cdb--S:G$INTE1$0$0({1}SC:U),I,0,0
0147                       	;--cdb--S:G$INTE2$0$0({1}SC:U),I,0,0
0148                       	;--cdb--S:G$INTF0$0$0({1}SC:U),I,0,0
0149                       	;--cdb--S:G$INTF1$0$0({1}SC:U),I,0,0
0150                       	;--cdb--S:G$INTF2$0$0({1}SC:U),I,0,0
0151                       	;--cdb--S:G$WREG$0$0({1}SC:U),I,0,0
0152                       	;--cdb--S:G$BSRCN$0$0({1}SC:U),I,0,0
0153                       	;--cdb--S:G$STATUS$0$0({1}SC:U),I,0,0
0154                       	;--cdb--S:G$MSTAT$0$0({1}SC:U),I,0,0
0155                       	;--cdb--S:G$PSTAT$0$0({1}SC:U),I,0,0
0156                       	;--cdb--S:G$INTE3$0$0({1}SC:U),I,0,0
0157                       	;--cdb--S:G$INTF3$0$0({1}SC:U),I,0,0
0158                       	;--cdb--S:G$BIECN$0$0({1}SC:U),I,0,0
0159                       	;--cdb--S:G$BIEARL$0$0({1}SC:U),I,0,0
0160                       	;--cdb--S:G$BIEDRH$0$0({1}SC:U),I,0,0
0161                       	;--cdb--S:G$BIEDRL$0$0({1}SC:U),I,0,0
0162                       	;--cdb--S:G$PWRCN$0$0({1}SC:U),I,0,0
0163                       	;--cdb--S:G$OSCCN0$0$0({1}SC:U),I,0,0
0164                       	;--cdb--S:G$OSCCN1$0$0({1}SC:U),I,0,0
0165                       	;--cdb--S:G$OSCCN2$0$0({1}SC:U),I,0,0
0166                       	;--cdb--S:G$CSFCN0$0$0({1}SC:U),I,0,0
0167                       	;--cdb--S:G$CSFCN1$0$0({1}SC:U),I,0,0
0168                       	;--cdb--S:G$WDTCN$0$0({1}SC:U),I,0,0
0169                       	;--cdb--S:G$AD1H$0$0({1}SC:U),I,0,0
0170                       	;--cdb--S:G$AD1M$0$0({1}SC:U),I,0,0
0171                       	;--cdb--S:G$AD1L$0$0({1}SC:U),I,0,0
0172                       	;--cdb--S:G$AD1CN0$0$0({1}SC:U),I,0,0
0173                       	;--cdb--S:G$AD1CN1$0$0({1}SC:U),I,0,0
0174                       	;--cdb--S:G$AD1CN2$0$0({1}SC:U),I,0,0
0175                       	;--cdb--S:G$AD1CN3$0$0({1}SC:U),I,0,0
0176                       	;--cdb--S:G$AD1CN4$0$0({1}SC:U),I,0,0
0177                       	;--cdb--S:G$AD1CN5$0$0({1}SC:U),I,0,0
0178                       	;--cdb--S:G$LVDCN$0$0({1}SC:U),I,0,0
0179                       	;--cdb--S:G$TMA1CN$0$0({1}SC:U),I,0,0
0180                       	;--cdb--S:G$TMA1R$0$0({1}SC:U),I,0,0
0181                       	;--cdb--S:G$TMA1C$0$0({1}SC:U),I,0,0
0182                       	;--cdb--S:G$TB1FLAG$0$0({1}SC:U),I,0,0
0183                       	;--cdb--S:G$TB1CN0$0$0({1}SC:U),I,0,0
0184                       	;--cdb--S:G$TB1CN1$0$0({1}SC:U),I,0,0
0185                       	;--cdb--S:G$TB1RH$0$0({1}SC:U),I,0,0
0186                       	;--cdb--S:G$TB1RL$0$0({1}SC:U),I,0,0
0187                       	;--cdb--S:G$TB1C0H$0$0({1}SC:U),I,0,0
0188                       	;--cdb--S:G$TB1C0L$0$0({1}SC:U),I,0,0
0189                       	;--cdb--S:G$TB1C1H$0$0({1}SC:U),I,0,0
0190                       	;--cdb--S:G$TB1C1L$0$0({1}SC:U),I,0,0
0191                       	;--cdb--S:G$TB1C2H$0$0({1}SC:U),I,0,0
0192                       	;--cdb--S:G$TB1C2L$0$0({1}SC:U),I,0,0
0193                       	;--cdb--S:G$TC1CN0$0$0({1}SC:U),I,0,0
0194                       	;--cdb--S:G$TC1CN1$0$0({1}SC:U),I,0,0
0195                       	;--cdb--S:G$TC1R0H$0$0({1}SC:U),I,0,0
0196                       	;--cdb--S:G$TC1R0L$0$0({1}SC:U),I,0,0
0197                       	;--cdb--S:G$TC1R1H$0$0({1}SC:U),I,0,0
0198                       	;--cdb--S:G$TC1R1L$0$0({1}SC:U),I,0,0
0199                       	;--cdb--S:G$PT1$0$0({1}SC:U),I,0,0
0200                       	;--cdb--S:G$TRISC1$0$0({1}SC:U),I,0,0
0201                       	;--cdb--S:G$PT1DA$0$0({1}SC:U),I,0,0
0202                       	;--cdb--S:G$PT1PU$0$0({1}SC:U),I,0,0
0203                       	;--cdb--S:G$PT1M1$0$0({1}SC:U),I,0,0
0204                       	;--cdb--S:G$PT1M2$0$0({1}SC:U),I,0,0
0205                       	;--cdb--S:G$PT1INT$0$0({1}SC:U),I,0,0
0206                       	;--cdb--S:G$PT2$0$0({1}SC:U),I,0,0
0207                       	;--cdb--S:G$TRISC2$0$0({1}SC:U),I,0,0
0208                       	;--cdb--S:G$PT2DA$0$0({1}SC:U),I,0,0
0209                       	;--cdb--S:G$PT2PU$0$0({1}SC:U),I,0,0
0210                       	;--cdb--S:G$PT2INT$0$0({1}SC:U),I,0,0
0211                       	;--cdb--S:G$PT2INTE$0$0({1}SC:U),I,0,0
0212                       	;--cdb--S:G$PT2INTF$0$0({1}SC:U),I,0,0
0213                       	;--cdb--S:G$PT4$0$0({1}SC:U),I,0,0
0214                       	;--cdb--S:G$PT4DA$0$0({1}SC:U),I,0,0
0215                       	;--cdb--S:G$PT4PU$0$0({1}SC:U),I,0,0
0216                       	;--cdb--S:G$PT4INT$0$0({1}SC:U),I,0,0
0217                       	;--cdb--S:G$PT4INTE$0$0({1}SC:U),I,0,0
0218                       	;--cdb--S:G$PT4INTF$0$0({1}SC:U),I,0,0
0219                       	;--cdb--S:G$PT12$0$0({1}SC:U),I,0,0
0220                       	;--cdb--S:G$TRISC12$0$0({1}SC:U),I,0,0
0221                       	;--cdb--S:G$PT12DA$0$0({1}SC:U),I,0,0
0222                       	;--cdb--S:G$PT12PU$0$0({1}SC:U),I,0,0
0223                       	;--cdb--S:G$TMA2CN$0$0({1}SC:U),I,0,0
0224                       	;--cdb--S:G$TMA2R$0$0({1}SC:U),I,0,0
0225                       	;--cdb--S:G$TMA2C$0$0({1}SC:U),I,0,0
0226                       	;--cdb--S:G$SSPCN0$0$0({1}SC:U),I,0,0
0227                       	;--cdb--S:G$SSPSTA0$0$0({1}SC:U),I,0,0
0228                       	;--cdb--S:G$SSPBUF0$0$0({1}SC:U),I,0,0
0229                       	;--cdb--S:G$CFG0$0$0({1}SC:U),I,0,0
0230                       	;--cdb--S:G$ACT0$0$0({1}SC:U),I,0,0
0231                       	;--cdb--S:G$STA0$0$0({1}SC:U),I,0,0
0232                       	;--cdb--S:G$CRG0$0$0({1}SC:U),I,0,0
0233                       	;--cdb--S:G$TOC0$0$0({1}SC:U),I,0,0
0234                       	;--cdb--S:G$RDB0$0$0({1}SC:U),I,0,0
0235                       	;--cdb--S:G$TDB0$0$0({1}SC:U),I,0,0
0236                       	;--cdb--S:G$SID0$0$0({1}SC:U),I,0,0
0237                       	;--cdb--S:G$CFG2$0$0({1}SC:U),I,0,0
0238                       	;--cdb--S:G$ACT2$0$0({1}SC:U),I,0,0
0239                       	;--cdb--S:G$STA2$0$0({1}SC:U),I,0,0
0240                       	;--cdb--S:G$CRG2$0$0({1}SC:U),I,0,0
0241                       	;--cdb--S:G$TOC2$0$0({1}SC:U),I,0,0
0242                       	;--cdb--S:G$RDB2$0$0({1}SC:U),I,0,0
0243                       	;--cdb--S:G$TDB2$0$0({1}SC:U),I,0,0
0244                       	;--cdb--S:G$SID2$0$0({1}SC:U),I,0,0
0245                       	;--cdb--S:G$UR0CN$0$0({1}SC:U),I,0,0
0246                       	;--cdb--S:G$UR0STA$0$0({1}SC:U),I,0,0
0247                       	;--cdb--S:G$BA0CN$0$0({1}SC:U),I,0,0
0248                       	;--cdb--S:G$BG0RH$0$0({1}SC:U),I,0,0
0249                       	;--cdb--S:G$BG0RL$0$0({1}SC:U),I,0,0
0250                       	;--cdb--S:G$TX0R$0$0({1}SC:U),I,0,0
0251                       	;--cdb--S:G$RC0REG$0$0({1}SC:U),I,0,0
0252                       	;--cdb--S:G$UR2CN$0$0({1}SC:U),I,0,0
0253                       	;--cdb--S:G$UR2STA$0$0({1}SC:U),I,0,0
0254                       	;--cdb--S:G$BA2CN$0$0({1}SC:U),I,0,0
0255                       	;--cdb--S:G$BG2RH$0$0({1}SC:U),I,0,0
0256                       	;--cdb--S:G$BG2RL$0$0({1}SC:U),I,0,0
0257                       	;--cdb--S:G$TX2R$0$0({1}SC:U),I,0,0
0258                       	;--cdb--S:G$RC2REG$0$0({1}SC:U),I,0,0
0259                       	;--cdb--S:G$CCNT$0$0({1}SC:U),I,0,0
0260                       	;--cdb--S:G$ENCCMode$0$0({1}SC:U),I,0,0
0261                       	;--cdb--S:G$PT1AIE$0$0({1}SC:U),I,0,0
0262                       	;--cdb--S:G$PT2AIE$0$0({1}SC:U),I,0,0
0263                       	;--cdb--S:G$PT4AIE$0$0({1}SC:U),I,0,0
0264                       	;--cdb--S:G$PT6AIE$0$0({1}SC:U),I,0,0
0265                       	;--cdb--S:G$ADCRH$0$0({1}SC:U),I,0,0
0266                       	;--cdb--S:G$ADCRM$0$0({1}SC:U),I,0,0
0267                       	;--cdb--S:G$ADCRL$0$0({1}SC:U),I,0,0
0268                       	;--cdb--S:LLED.LEDSetting._LEDSetting_cclevel_65536_3$cclevel$10000$3({1}SC:U),R,0,0,[r0x113F]
0269                       	;--cdb--S:LLED.GetDisplay._GetDisplay_ledx_65536_5$ledx$10000$5({1}SC:U),R,0,0,[_GetDisplay_STK00]
0270                       	;--cdb--S:LLED.GetDisplay._GetDisplay_show_65536_5$show$10000$5({1}SC:U),R,0,0,[r0x1141]
0271                       	;--cdb--S:LLED.GetDisplay._GetDisplay_RRTemp_65536_6$RRTemp$10000$6({1}SC:U),R,0,0,[r0x1144]
0272                       	;--cdb--S:LLED.GetDisplay._GetDisplay_RLTemp_65536_6$RLTemp$10000$6({1}SC:U),R,0,0,[r0x1141]
0273                       	;--cdb--S:LLED.GetDisplay._GetDisplay_RRR_65536_6$RRR$10000$6({1}SC:U),R,0,0,[r0x1143]
0274                       	;--cdb--S:G$LEDSetting$0$0({2}DF,SV:S),C,0,0
0275                       	;--cdb--S:G$GetDisplay$0$0({2}DF,SC:U),C,0,0
0276                       	;--cdb--S:G$_STATUS$0$0({0}:U),Z,0,0
0277                       ;--------------------------------------------------------
0278                       ; external declarations
0279                       ;--------------------------------------------------------
0280                       	.globl	_FSR0
0281                       	.globl	_FSR1
0282                       	.globl	_FSR2
0283                       	.globl	_ADCR
0284                       
0285                       	.globl WSAVE
0286                       	.globl STK07
0287                       	.globl STK07_SAVE
0288                       	.globl STK06
0289                       	.globl STK06_SAVE
0290                       	.globl STK05
0291                       	.globl STK05_SAVE
0292                       	.globl STK04
0293                       	.globl STK04_SAVE
0294                       	.globl STK03
0295                       	.globl STK03_SAVE
0296                       	.globl STK02
0297                       	.globl STK02_SAVE
0298                       	.globl STK01
0299                       	.globl STK01_SAVE
0300                       	.globl STK00
0301                       	.globl STK00_SAVE
0302                       ;--------------------------------------------------------
0303                       ; global -1 declarations
0304                       ;--------------------------------------------------------
0305                       	.globl	_GetDisplay
0306                       	.globl	_LEDSetting
0307                       
0308                       	.globl	_memcpy
0309                       ;--------------------------------------------------------
0310                       ; global -2 definitions
0311                       ;--------------------------------------------------------
0312                       	.area DSEG(DATA)
0313                       __SWTGTID	.equ	0x93E79486
0314                       
0315                       	.area DSEG(DATA)
0316                       _INDF0	.equ	0x0
0317                       
0318                       	.area DSEG(DATA)
0319                       _POINC0	.equ	0x1
0320                       
0321                       	.area DSEG(DATA)
0322                       _PODEC0	.equ	0x2
0323                       
0324                       	.area DSEG(DATA)
0325                       _PRINC0	.equ	0x3
0326                       
0327                       	.area DSEG(DATA)
0328                       _PLUSW0	.equ	0x4
0329                       
0330                       	.area DSEG(DATA)
0331                       _INDF1	.equ	0x5
0332                       
0333                       	.area DSEG(DATA)
0334                       _POINC1	.equ	0x6
0335                       
0336                       	.area DSEG(DATA)
0337                       _PODEC1	.equ	0x7
0338                       
0339                       	.area DSEG(DATA)
0340                       _PRINC1	.equ	0x8
0341                       
0342                       	.area DSEG(DATA)
0343                       _PLUSW1	.equ	0x9
0344                       
0345                       	.area DSEG(DATA)
0346                       _INDF2	.equ	0xA
0347                       
0348                       	.area DSEG(DATA)
0349                       _POINC2	.equ	0xB
0350                       
0351                       	.area DSEG(DATA)
0352                       _PODEC2	.equ	0xC
0353                       
0354                       	.area DSEG(DATA)
0355                       _PRINC2	.equ	0xD
0356                       
0357                       	.area DSEG(DATA)
0358                       _PLUSW2	.equ	0xE
0359                       
0360                       	.area DSEG(DATA)
0361                       _FSR0H	.equ	0xF
0362                       
0363                       	.area DSEG(DATA)
0364                       _FSR0L	.equ	0x10
0365                       
0366                       	.area DSEG(DATA)
0367                       _FSR1H	.equ	0x11
0368                       
0369                       	.area DSEG(DATA)
0370                       _FSR1L	.equ	0x12
0371                       
0372                       	.area DSEG(DATA)
0373                       _FSR2H	.equ	0x13
0374                       
0375                       	.area DSEG(DATA)
0376                       _FSR2L	.equ	0x14
0377                       
0378                       	.area DSEG(DATA)
0379                       _TOSH	.equ	0x16
0380                       
0381                       	.area DSEG(DATA)
0382                       _TOSL	.equ	0x17
0383                       
0384                       	.area DSEG(DATA)
0385                       _SKCN	.equ	0x18
0386                       
0387                       	.area DSEG(DATA)
0388                       _PCLATH	.equ	0x1A
0389                       
0390                       	.area DSEG(DATA)
0391                       _PCLATL	.equ	0x1B
0392                       
0393                       	.area DSEG(DATA)
0394                       _TBLPTRH	.equ	0x1D
0395                       
0396                       	.area DSEG(DATA)
0397                       _TBLPTRL	.equ	0x1E
0398                       
0399                       	.area DSEG(DATA)
0400                       _TBLDH	.equ	0x1F
0401                       
0402                       	.area DSEG(DATA)
0403                       _TBLDL	.equ	0x20
0404                       
0405                       	.area DSEG(DATA)
0406                       _PRODH	.equ	0x21
0407                       
0408                       	.area DSEG(DATA)
0409                       _PRODL	.equ	0x22
0410                       
0411                       	.area DSEG(DATA)
0412                       _INTE0	.equ	0x23
0413                       
0414                       	.area DSEG(DATA)
0415                       _INTE1	.equ	0x24
0416                       
0417                       	.area DSEG(DATA)
0418                       _INTE2	.equ	0x25
0419                       
0420                       	.area DSEG(DATA)
0421                       _INTF0	.equ	0x26
0422                       
0423                       	.area DSEG(DATA)
0424                       _INTF1	.equ	0x27
0425                       
0426                       	.area DSEG(DATA)
0427                       _INTF2	.equ	0x28
0428                       
0429                       	.area DSEG(DATA)
0430                       _WREG	.equ	0x29
0431                       
0432                       	.area DSEG(DATA)
0433                       _BSRCN	.equ	0x2A
0434                       
0435                       	.area DSEG(DATA)
0436                       _STATUS	.equ	0x2B
0437                       
0438                       	.area DSEG(DATA)
0439                       _MSTAT	.equ	0x2B
0440                       
0441                       	.area DSEG(DATA)
0442                       _PSTAT	.equ	0x2C
0443                       
0444                       	.area DSEG(DATA)
0445                       _INTE3	.equ	0x2E
0446                       
0447                       	.area DSEG(DATA)
0448                       _INTF3	.equ	0x30
0449                       
0450                       	.area DSEG(DATA)
0451                       _BIECN	.equ	0x31
0452                       
0453                       	.area DSEG(DATA)
0454                       _BIEARL	.equ	0x33
0455                       
0456                       	.area DSEG(DATA)
0457                       _BIEDRH	.equ	0x34
0458                       
0459                       	.area DSEG(DATA)
0460                       _BIEDRL	.equ	0x35
0461                       
0462                       	.area DSEG(DATA)
0463                       _PWRCN	.equ	0x36
0464                       
0465                       	.area DSEG(DATA)
0466                       _OSCCN0	.equ	0x37
0467                       
0468                       	.area DSEG(DATA)
0469                       _OSCCN1	.equ	0x38
0470                       
0471                       	.area DSEG(DATA)
0472                       _OSCCN2	.equ	0x39
0473                       
0474                       	.area DSEG(DATA)
0475                       _CSFCN0	.equ	0x3A
0476                       
0477                       	.area DSEG(DATA)
0478                       _CSFCN1	.equ	0x3B
0479                       
0480                       	.area DSEG(DATA)
0481                       _WDTCN	.equ	0x3E
0482                       
0483                       	.area DSEG(DATA)
0484                       _AD1H	.equ	0x3F
0485                       
0486                       	.area DSEG(DATA)
0487                       _AD1M	.equ	0x40
0488                       
0489                       	.area DSEG(DATA)
0490                       _AD1L	.equ	0x41
0491                       
0492                       	.area DSEG(DATA)
0493                       _AD1CN0	.equ	0x42
0494                       
0495                       	.area DSEG(DATA)
0496                       _AD1CN1	.equ	0x43
0497                       
0498                       	.area DSEG(DATA)
0499                       _AD1CN2	.equ	0x44
0500                       
0501                       	.area DSEG(DATA)
0502                       _AD1CN3	.equ	0x45
0503                       
0504                       	.area DSEG(DATA)
0505                       _AD1CN4	.equ	0x46
0506                       
0507                       	.area DSEG(DATA)
0508                       _AD1CN5	.equ	0x47
0509                       
0510                       	.area DSEG(DATA)
0511                       _LVDCN	.equ	0x48
0512                       
0513                       	.area DSEG(DATA)
0514                       _TMA1CN	.equ	0x49
0515                       
0516                       	.area DSEG(DATA)
0517                       _TMA1R	.equ	0x4A
0518                       
0519                       	.area DSEG(DATA)
0520                       _TMA1C	.equ	0x4B
0521                       
0522                       	.area DSEG(DATA)
0523                       _TB1FLAG	.equ	0x4C
0524                       
0525                       	.area DSEG(DATA)
0526                       _TB1CN0	.equ	0x4D
0527                       
0528                       	.area DSEG(DATA)
0529                       _TB1CN1	.equ	0x4E
0530                       
0531                       	.area DSEG(DATA)
0532                       _TB1RH	.equ	0x4F
0533                       
0534                       	.area DSEG(DATA)
0535                       _TB1RL	.equ	0x50
0536                       
0537                       	.area DSEG(DATA)
0538                       _TB1C0H	.equ	0x51
0539                       
0540                       	.area DSEG(DATA)
0541                       _TB1C0L	.equ	0x52
0542                       
0543                       	.area DSEG(DATA)
0544                       _TB1C1H	.equ	0x53
0545                       
0546                       	.area DSEG(DATA)
0547                       _TB1C1L	.equ	0x54
0548                       
0549                       	.area DSEG(DATA)
0550                       _TB1C2H	.equ	0x55
0551                       
0552                       	.area DSEG(DATA)
0553                       _TB1C2L	.equ	0x56
0554                       
0555                       	.area DSEG(DATA)
0556                       _TC1CN0	.equ	0x57
0557                       
0558                       	.area DSEG(DATA)
0559                       _TC1CN1	.equ	0x58
0560                       
0561                       	.area DSEG(DATA)
0562                       _TC1R0H	.equ	0x59
0563                       
0564                       	.area DSEG(DATA)
0565                       _TC1R0L	.equ	0x5A
0566                       
0567                       	.area DSEG(DATA)
0568                       _TC1R1H	.equ	0x5B
0569                       
0570                       	.area DSEG(DATA)
0571                       _TC1R1L	.equ	0x5C
0572                       
0573                       	.area DSEG(DATA)
0574                       _PT1	.equ	0x5D
0575                       
0576                       	.area DSEG(DATA)
0577                       _TRISC1	.equ	0x5E
0578                       
0579                       	.area DSEG(DATA)
0580                       _PT1DA	.equ	0x5F
0581                       
0582                       	.area DSEG(DATA)
0583                       _PT1PU	.equ	0x60
0584                       
0585                       	.area DSEG(DATA)
0586                       _PT1M1	.equ	0x61
0587                       
0588                       	.area DSEG(DATA)
0589                       _PT1M2	.equ	0x62
0590                       
0591                       	.area DSEG(DATA)
0592                       _PT1INT	.equ	0x63
0593                       
0594                       	.area DSEG(DATA)
0595                       _PT2	.equ	0x64
0596                       
0597                       	.area DSEG(DATA)
0598                       _TRISC2	.equ	0x65
0599                       
0600                       	.area DSEG(DATA)
0601                       _PT2DA	.equ	0x66
0602                       
0603                       	.area DSEG(DATA)
0604                       _PT2PU	.equ	0x67
0605                       
0606                       	.area DSEG(DATA)
0607                       _PT2INT	.equ	0x6A
0608                       
0609                       	.area DSEG(DATA)
0610                       _PT2INTE	.equ	0x6B
0611                       
0612                       	.area DSEG(DATA)
0613                       _PT2INTF	.equ	0x6C
0614                       
0615                       	.area DSEG(DATA)
0616                       _PT4	.equ	0x6D
0617                       
0618                       	.area DSEG(DATA)
0619                       _PT4DA	.equ	0x6F
0620                       
0621                       	.area DSEG(DATA)
0622                       _PT4PU	.equ	0x70
0623                       
0624                       	.area DSEG(DATA)
0625                       _PT4INT	.equ	0x73
0626                       
0627                       	.area DSEG(DATA)
0628                       _PT4INTE	.equ	0x74
0629                       
0630                       	.area DSEG(DATA)
0631                       _PT4INTF	.equ	0x75
0632                       
0633                       	.area DSEG(DATA)
0634                       _PT12	.equ	0x76
0635                       
0636                       	.area DSEG(DATA)
0637                       _TRISC12	.equ	0x77
0638                       
0639                       	.area DSEG(DATA)
0640                       _PT12DA	.equ	0x78
0641                       
0642                       	.area DSEG(DATA)
0643                       _PT12PU	.equ	0x79
0644                       
0645                       	.area DSEG(DATA)
0646                       _TMA2CN	.equ	0x7A
0647                       
0648                       	.area DSEG(DATA)
0649                       _TMA2R	.equ	0x7B
0650                       
0651                       	.area DSEG(DATA)
0652                       _TMA2C	.equ	0x7C
0653                       
0654                       	.area DSEG(DATA)
0655                       _SSPCN0	.equ	0x7D
0656                       
0657                       	.area DSEG(DATA)
0658                       _SSPSTA0	.equ	0x7E
0659                       
0660                       	.area DSEG(DATA)
0661                       _SSPBUF0	.equ	0x7F
0662                       
0663                       	.area DSEG(DATA)
0664                       _CFG0	.equ	0x180
0665                       
0666                       	.area DSEG(DATA)
0667                       _ACT0	.equ	0x181
0668                       
0669                       	.area DSEG(DATA)
0670                       _STA0	.equ	0x182
0671                       
0672                       	.area DSEG(DATA)
0673                       _CRG0	.equ	0x183
0674                       
0675                       	.area DSEG(DATA)
0676                       _TOC0	.equ	0x184
0677                       
0678                       	.area DSEG(DATA)
0679                       _RDB0	.equ	0x185
0680                       
0681                       	.area DSEG(DATA)
0682                       _TDB0	.equ	0x186
0683                       
0684                       	.area DSEG(DATA)
0685                       _SID0	.equ	0x187
0686                       
0687                       	.area DSEG(DATA)
0688                       _CFG2	.equ	0x188
0689                       
0690                       	.area DSEG(DATA)
0691                       _ACT2	.equ	0x189
0692                       
0693                       	.area DSEG(DATA)
0694                       _STA2	.equ	0x18A
0695                       
0696                       	.area DSEG(DATA)
0697                       _CRG2	.equ	0x18B
0698                       
0699                       	.area DSEG(DATA)
0700                       _TOC2	.equ	0x18C
0701                       
0702                       	.area DSEG(DATA)
0703                       _RDB2	.equ	0x18D
0704                       
0705                       	.area DSEG(DATA)
0706                       _TDB2	.equ	0x18E
0707                       
0708                       	.area DSEG(DATA)
0709                       _SID2	.equ	0x18F
0710                       
0711                       	.area DSEG(DATA)
0712                       _UR0CN	.equ	0x190
0713                       
0714                       	.area DSEG(DATA)
0715                       _UR0STA	.equ	0x191
0716                       
0717                       	.area DSEG(DATA)
0718                       _BA0CN	.equ	0x192
0719                       
0720                       	.area DSEG(DATA)
0721                       _BG0RH	.equ	0x193
0722                       
0723                       	.area DSEG(DATA)
0724                       _BG0RL	.equ	0x194
0725                       
0726                       	.area DSEG(DATA)
0727                       _TX0R	.equ	0x195
0728                       
0729                       	.area DSEG(DATA)
0730                       _RC0REG	.equ	0x196
0731                       
0732                       	.area DSEG(DATA)
0733                       _UR2CN	.equ	0x197
0734                       
0735                       	.area DSEG(DATA)
0736                       _UR2STA	.equ	0x198
0737                       
0738                       	.area DSEG(DATA)
0739                       _BA2CN	.equ	0x199
0740                       
0741                       	.area DSEG(DATA)
0742                       _BG2RH	.equ	0x19A
0743                       
0744                       	.area DSEG(DATA)
0745                       _BG2RL	.equ	0x19B
0746                       
0747                       	.area DSEG(DATA)
0748                       _TX2R	.equ	0x19C
0749                       
0750                       	.area DSEG(DATA)
0751                       _RC2REG	.equ	0x19D
0752                       
0753                       	.area DSEG(DATA)
0754                       _CCNT	.equ	0x19E
0755                       
0756                       	.area DSEG(DATA)
0757                       _ENCCMode	.equ	0x19F
0758                       
0759                       	.area DSEG(DATA)
0760                       _PT1AIE	.equ	0x1B0
0761                       
0762                       	.area DSEG(DATA)
0763                       _PT2AIE	.equ	0x1B1
0764                       
0765                       	.area DSEG(DATA)
0766                       _PT4AIE	.equ	0x1B3
0767                       
0768                       	.area DSEG(DATA)
0769                       _PT6AIE	.equ	0x1B5
0770                       
0771                       	.area DSEG(DATA)
0772                       _ADCRH	.equ	0x3F
0773                       
0774                       	.area DSEG(DATA)
0775                       _ADCRM	.equ	0x40
0776                       
0777                       	.area DSEG(DATA)
0778                       _ADCRL	.equ	0x41
0779                       
0780                       ;--------------------------------------------------------
0781                       ; absolute symbol definitions
0782                       ;--------------------------------------------------------
0783                       ;--------------------------------------------------------
0784                       ; compiler-defined variables
0785                       ;--------------------------------------------------------
0786                       	.area IDATA (DATA,REL,CON); pre-def
0787                       	.area IDATAROM (CODE,REL,CON); pre-def
0788                       	.area UDATA (DATA,REL,CON); pre-def
0789                       	.area UDATA (DATA,REL,CON) ;UDL_LED_0	udata
0790 0000 --               r0x113F:	.ds	1
0791 0001 --               r0x1141:	.ds	1
0792 0002 --               r0x1143:	.ds	1
0793 0003 --               r0x1144:	.ds	1
0794                       	.area LOCALSTK (STK); local stack var
0795 0000 --               _GetDisplay_STK00:	.ds	1
0796                       	.globl _GetDisplay_STK00
0797                       ;--------------------------------------------------------
0798                       ; initialized data
0799                       ;--------------------------------------------------------
0800                       ;--------------------------------------------------------
0801                       ; initialized data - mirror
0802                       ;--------------------------------------------------------
0803                       	;Following is optimization info, 
0804                       	;xxcdbxxW:dst:src+offset:srclit:just-remove
0805                       	;--cdb--W:r0x1143:r0x1141+0:-1:0
0806                       	;--cdb--W:r0x1141:NULL+0:-1:1
0807                       	;--cdb--W:r0x1140:NULL+0:-1:1
0808                       	end
